{"meta":"Error: Something failed during startup.\n    at Object.<anonymous> (/mnt/c/Users/Ori Zilka/Git/vidly/index.js:17:7)\n    at Module._compile (internal/modules/cjs/loader.js:1138:30)\n    at Object.Module._extensions..js (internal/modules/cjs/loader.js:1158:10)\n    at Module.load (internal/modules/cjs/loader.js:986:32)\n    at Function.Module._load (internal/modules/cjs/loader.js:879:14)\n    at Function.executeUserEntryPoint [as runMain] (internal/modules/run_main.js:71:12)\n    at internal/main/run_main_module.js:17:47","level":"error","message":"Something failed during startup.","timestamp":"2020-09-30T15:51:29.896Z"}
{"error":{},"level":"error","message":"uncaughtException: Something failed during startup.\nError: Something failed during startup.\n    at Object.<anonymous> (/mnt/c/Users/Ori Zilka/Git/vidly/index.js:17:7)\n    at Module._compile (internal/modules/cjs/loader.js:1138:30)\n    at Object.Module._extensions..js (internal/modules/cjs/loader.js:1158:10)\n    at Module.load (internal/modules/cjs/loader.js:986:32)\n    at Function.Module._load (internal/modules/cjs/loader.js:879:14)\n    at Function.executeUserEntryPoint [as runMain] (internal/modules/run_main.js:71:12)\n    at internal/main/run_main_module.js:17:47","stack":"Error: Something failed during startup.\n    at Object.<anonymous> (/mnt/c/Users/Ori Zilka/Git/vidly/index.js:17:7)\n    at Module._compile (internal/modules/cjs/loader.js:1138:30)\n    at Object.Module._extensions..js (internal/modules/cjs/loader.js:1158:10)\n    at Module.load (internal/modules/cjs/loader.js:986:32)\n    at Function.Module._load (internal/modules/cjs/loader.js:879:14)\n    at Function.executeUserEntryPoint [as runMain] (internal/modules/run_main.js:71:12)\n    at internal/main/run_main_module.js:17:47","exception":true,"date":"Wed Sep 30 2020 18:54:04 GMT+0300 (Israel Daylight Time)","process":{"pid":3136,"uid":1000,"gid":1000,"cwd":"/mnt/c/Users/Ori Zilka/Git/vidly","execPath":"/home/Ori/.nvm/versions/node/v12.18.0/bin/node","version":"v12.18.0","argv":["/home/Ori/.nvm/versions/node/v12.18.0/bin/node","/mnt/c/Users/Ori Zilka/Git/vidly/index.js"],"memoryUsage":{"rss":62730240,"heapTotal":57987072,"heapUsed":22314728,"external":19751310,"arrayBuffers":18322269}},"os":{"loadavg":[0.5185546875,0.57763671875,0.5859375],"uptime":629442},"trace":[{"column":7,"file":"/mnt/c/Users/Ori Zilka/Git/vidly/index.js","function":null,"line":17,"method":null,"native":false},{"column":30,"file":"internal/modules/cjs/loader.js","function":"Module._compile","line":1138,"method":"_compile","native":false},{"column":10,"file":"internal/modules/cjs/loader.js","function":"Module._extensions..js","line":1158,"method":".js","native":false},{"column":32,"file":"internal/modules/cjs/loader.js","function":"Module.load","line":986,"method":"load","native":false},{"column":14,"file":"internal/modules/cjs/loader.js","function":"Module._load","line":879,"method":"_load","native":false},{"column":12,"file":"internal/modules/run_main.js","function":"Function.executeUserEntryPoint [as runMain]","line":71,"method":"executeUserEntryPoint [as runMain]","native":false},{"column":47,"file":"internal/main/run_main_module.js","function":null,"line":17,"method":null,"native":false}]}
{"error":{},"level":"error","message":"uncaughtException: something failed miserably!\nError: something failed miserably!\n    at Object.<anonymous> (/mnt/c/Users/Ori Zilka/Git/vidly/index.js:18:26)\n    at Module._compile (internal/modules/cjs/loader.js:1138:30)\n    at Object.Module._extensions..js (internal/modules/cjs/loader.js:1158:10)\n    at Module.load (internal/modules/cjs/loader.js:986:32)\n    at Function.Module._load (internal/modules/cjs/loader.js:879:14)\n    at Function.executeUserEntryPoint [as runMain] (internal/modules/run_main.js:71:12)\n    at internal/main/run_main_module.js:17:47","stack":"Error: something failed miserably!\n    at Object.<anonymous> (/mnt/c/Users/Ori Zilka/Git/vidly/index.js:18:26)\n    at Module._compile (internal/modules/cjs/loader.js:1138:30)\n    at Object.Module._extensions..js (internal/modules/cjs/loader.js:1158:10)\n    at Module.load (internal/modules/cjs/loader.js:986:32)\n    at Function.Module._load (internal/modules/cjs/loader.js:879:14)\n    at Function.executeUserEntryPoint [as runMain] (internal/modules/run_main.js:71:12)\n    at internal/main/run_main_module.js:17:47","exception":true,"date":"Wed Sep 30 2020 18:54:31 GMT+0300 (Israel Daylight Time)","process":{"pid":3148,"uid":1000,"gid":1000,"cwd":"/mnt/c/Users/Ori Zilka/Git/vidly","execPath":"/home/Ori/.nvm/versions/node/v12.18.0/bin/node","version":"v12.18.0","argv":["/home/Ori/.nvm/versions/node/v12.18.0/bin/node","/mnt/c/Users/Ori Zilka/Git/vidly/index.js"],"memoryUsage":{"rss":62996480,"heapTotal":57724928,"heapUsed":22895400,"external":19801086,"arrayBuffers":18353780}},"os":{"loadavg":[0.5185546875,0.57763671875,0.5859375],"uptime":629468},"trace":[{"column":26,"file":"/mnt/c/Users/Ori Zilka/Git/vidly/index.js","function":null,"line":18,"method":null,"native":false},{"column":30,"file":"internal/modules/cjs/loader.js","function":"Module._compile","line":1138,"method":"_compile","native":false},{"column":10,"file":"internal/modules/cjs/loader.js","function":"Module._extensions..js","line":1158,"method":".js","native":false},{"column":32,"file":"internal/modules/cjs/loader.js","function":"Module.load","line":986,"method":"load","native":false},{"column":14,"file":"internal/modules/cjs/loader.js","function":"Module._load","line":879,"method":"_load","native":false},{"column":12,"file":"internal/modules/run_main.js","function":"Function.executeUserEntryPoint [as runMain]","line":71,"method":"executeUserEntryPoint [as runMain]","native":false},{"column":47,"file":"internal/main/run_main_module.js","function":null,"line":17,"method":null,"native":false}]}
{"error":{},"level":"error","message":"uncaughtException: something failed miserably!\nError: something failed miserably!\n    at Object.<anonymous> (/mnt/c/Users/Ori Zilka/Git/vidly/index.js:18:26)\n    at Module._compile (internal/modules/cjs/loader.js:1138:30)\n    at Object.Module._extensions..js (internal/modules/cjs/loader.js:1158:10)\n    at Module.load (internal/modules/cjs/loader.js:986:32)\n    at Function.Module._load (internal/modules/cjs/loader.js:879:14)\n    at Function.executeUserEntryPoint [as runMain] (internal/modules/run_main.js:71:12)\n    at internal/main/run_main_module.js:17:47","stack":"Error: something failed miserably!\n    at Object.<anonymous> (/mnt/c/Users/Ori Zilka/Git/vidly/index.js:18:26)\n    at Module._compile (internal/modules/cjs/loader.js:1138:30)\n    at Object.Module._extensions..js (internal/modules/cjs/loader.js:1158:10)\n    at Module.load (internal/modules/cjs/loader.js:986:32)\n    at Function.Module._load (internal/modules/cjs/loader.js:879:14)\n    at Function.executeUserEntryPoint [as runMain] (internal/modules/run_main.js:71:12)\n    at internal/main/run_main_module.js:17:47","exception":true,"date":"Wed Sep 30 2020 19:12:37 GMT+0300 (Israel Daylight Time)","process":{"pid":3173,"uid":1000,"gid":1000,"cwd":"/mnt/c/Users/Ori Zilka/Git/vidly","execPath":"/home/Ori/.nvm/versions/node/v12.18.0/bin/node","version":"v12.18.0","argv":["/home/Ori/.nvm/versions/node/v12.18.0/bin/node","/mnt/c/Users/Ori Zilka/Git/vidly/index.js"],"memoryUsage":{"rss":63213568,"heapTotal":58249216,"heapUsed":22285088,"external":19726932,"arrayBuffers":18279626}},"os":{"loadavg":[0.5185546875,0.57763671875,0.5859375],"uptime":630555},"trace":[{"column":26,"file":"/mnt/c/Users/Ori Zilka/Git/vidly/index.js","function":null,"line":18,"method":null,"native":false},{"column":30,"file":"internal/modules/cjs/loader.js","function":"Module._compile","line":1138,"method":"_compile","native":false},{"column":10,"file":"internal/modules/cjs/loader.js","function":"Module._extensions..js","line":1158,"method":".js","native":false},{"column":32,"file":"internal/modules/cjs/loader.js","function":"Module.load","line":986,"method":"load","native":false},{"column":14,"file":"internal/modules/cjs/loader.js","function":"Module._load","line":879,"method":"_load","native":false},{"column":12,"file":"internal/modules/run_main.js","function":"Function.executeUserEntryPoint [as runMain]","line":71,"method":"executeUserEntryPoint [as runMain]","native":false},{"column":47,"file":"internal/main/run_main_module.js","function":null,"line":17,"method":null,"native":false}]}
{"error":{},"level":"error","message":"uncaughtException: something failed miserably!\nError: something failed miserably!\n    at Object.<anonymous> (/mnt/c/Users/Ori Zilka/Git/vidly/index.js:18:26)\n    at Module._compile (internal/modules/cjs/loader.js:1138:30)\n    at Object.Module._extensions..js (internal/modules/cjs/loader.js:1158:10)\n    at Module.load (internal/modules/cjs/loader.js:986:32)\n    at Function.Module._load (internal/modules/cjs/loader.js:879:14)\n    at Function.executeUserEntryPoint [as runMain] (internal/modules/run_main.js:71:12)\n    at internal/main/run_main_module.js:17:47","stack":"Error: something failed miserably!\n    at Object.<anonymous> (/mnt/c/Users/Ori Zilka/Git/vidly/index.js:18:26)\n    at Module._compile (internal/modules/cjs/loader.js:1138:30)\n    at Object.Module._extensions..js (internal/modules/cjs/loader.js:1158:10)\n    at Module.load (internal/modules/cjs/loader.js:986:32)\n    at Function.Module._load (internal/modules/cjs/loader.js:879:14)\n    at Function.executeUserEntryPoint [as runMain] (internal/modules/run_main.js:71:12)\n    at internal/main/run_main_module.js:17:47","exception":true,"date":"Wed Sep 30 2020 19:21:20 GMT+0300 (Israel Daylight Time)","process":{"pid":3256,"uid":1000,"gid":1000,"cwd":"/mnt/c/Users/Ori Zilka/Git/vidly","execPath":"/home/Ori/.nvm/versions/node/v12.18.0/bin/node","version":"v12.18.0","argv":["/home/Ori/.nvm/versions/node/v12.18.0/bin/node","/mnt/c/Users/Ori Zilka/Git/vidly/index.js"],"memoryUsage":{"rss":63033344,"heapTotal":58249216,"heapUsed":22723792,"external":19739356,"arrayBuffers":18292050}},"os":{"loadavg":[0.5185546875,0.57763671875,0.5859375],"uptime":631077},"trace":[{"column":26,"file":"/mnt/c/Users/Ori Zilka/Git/vidly/index.js","function":null,"line":18,"method":null,"native":false},{"column":30,"file":"internal/modules/cjs/loader.js","function":"Module._compile","line":1138,"method":"_compile","native":false},{"column":10,"file":"internal/modules/cjs/loader.js","function":"Module._extensions..js","line":1158,"method":".js","native":false},{"column":32,"file":"internal/modules/cjs/loader.js","function":"Module.load","line":986,"method":"load","native":false},{"column":14,"file":"internal/modules/cjs/loader.js","function":"Module._load","line":879,"method":"_load","native":false},{"column":12,"file":"internal/modules/run_main.js","function":"Function.executeUserEntryPoint [as runMain]","line":71,"method":"executeUserEntryPoint [as runMain]","native":false},{"column":47,"file":"internal/main/run_main_module.js","function":null,"line":17,"method":null,"native":false}]}
{"meta":"Error: something failed miserably!\n    at Object.<anonymous> (/mnt/c/Users/Ori Zilka/Git/vidly/index.js:18:26)\n    at Module._compile (internal/modules/cjs/loader.js:1138:30)\n    at Object.Module._extensions..js (internal/modules/cjs/loader.js:1158:10)\n    at Module.load (internal/modules/cjs/loader.js:986:32)\n    at Function.Module._load (internal/modules/cjs/loader.js:879:14)\n    at Function.executeUserEntryPoint [as runMain] (internal/modules/run_main.js:71:12)\n    at internal/main/run_main_module.js:17:47","level":"error","message":"something failed miserably!","timestamp":"2020-09-30T16:24:18.883Z"}
{"meta":"Error: something failed miserably!\n    at Object.<anonymous> (/mnt/c/Users/Ori Zilka/Git/vidly/index.js:18:26)\n    at Module._compile (internal/modules/cjs/loader.js:1138:30)\n    at Object.Module._extensions..js (internal/modules/cjs/loader.js:1158:10)\n    at Module.load (internal/modules/cjs/loader.js:986:32)\n    at Function.Module._load (internal/modules/cjs/loader.js:879:14)\n    at Function.executeUserEntryPoint [as runMain] (internal/modules/run_main.js:71:12)\n    at internal/main/run_main_module.js:17:47","level":"error","message":"something failed miserably!","timestamp":"2020-09-30T16:30:15.220Z"}
{"meta":"Error: something failed miserably!\n    at Object.<anonymous> (/mnt/c/Users/Ori Zilka/Git/vidly/index.js:18:26)\n    at Module._compile (internal/modules/cjs/loader.js:1138:30)\n    at Object.Module._extensions..js (internal/modules/cjs/loader.js:1158:10)\n    at Module.load (internal/modules/cjs/loader.js:986:32)\n    at Function.Module._load (internal/modules/cjs/loader.js:879:14)\n    at Function.executeUserEntryPoint [as runMain] (internal/modules/run_main.js:71:12)\n    at internal/main/run_main_module.js:17:47","level":"error","message":"something failed miserably!","timestamp":"2020-09-30T16:31:17.351Z"}
{"meta":"Error: something failed miserably!\n    at Object.<anonymous> (/mnt/c/Users/Ori Zilka/Git/vidly/index.js:18:26)\n    at Module._compile (internal/modules/cjs/loader.js:1138:30)\n    at Object.Module._extensions..js (internal/modules/cjs/loader.js:1158:10)\n    at Module.load (internal/modules/cjs/loader.js:986:32)\n    at Function.Module._load (internal/modules/cjs/loader.js:879:14)\n    at Function.executeUserEntryPoint [as runMain] (internal/modules/run_main.js:71:12)\n    at internal/main/run_main_module.js:17:47","level":"error","message":"something failed miserably!","timestamp":"2020-09-30T16:31:39.597Z"}
{"meta":"Error: something failed miserably!\n    at Object.<anonymous> (/mnt/c/Users/Ori Zilka/Git/vidly/index.js:18:26)\n    at Module._compile (internal/modules/cjs/loader.js:1138:30)\n    at Object.Module._extensions..js (internal/modules/cjs/loader.js:1158:10)\n    at Module.load (internal/modules/cjs/loader.js:986:32)\n    at Function.Module._load (internal/modules/cjs/loader.js:879:14)\n    at Function.executeUserEntryPoint [as runMain] (internal/modules/run_main.js:71:12)\n    at internal/main/run_main_module.js:17:47","level":"error","message":"something failed miserably!","timestamp":"2020-09-30T16:33:19.652Z"}
{"meta":"Error: something failed miserably!\n    at Object.<anonymous> (/mnt/c/Users/Ori Zilka/Git/vidly/index.js:18:26)\n    at Module._compile (internal/modules/cjs/loader.js:1138:30)\n    at Object.Module._extensions..js (internal/modules/cjs/loader.js:1158:10)\n    at Module.load (internal/modules/cjs/loader.js:986:32)\n    at Function.Module._load (internal/modules/cjs/loader.js:879:14)\n    at Function.executeUserEntryPoint [as runMain] (internal/modules/run_main.js:71:12)\n    at internal/main/run_main_module.js:17:47","level":"error","message":"something failed miserably!","timestamp":"2020-09-30T21:01:45.357Z"}
{"meta":"Error: Something failed during startup.\n    at Object.<anonymous> (/mnt/c/Users/Ori Zilka/Git/vidly/index.js:17:7)\n    at Module._compile (internal/modules/cjs/loader.js:1138:30)\n    at Object.Module._extensions..js (internal/modules/cjs/loader.js:1158:10)\n    at Module.load (internal/modules/cjs/loader.js:986:32)\n    at Function.Module._load (internal/modules/cjs/loader.js:879:14)\n    at Function.executeUserEntryPoint [as runMain] (internal/modules/run_main.js:71:12)\n    at internal/main/run_main_module.js:17:47","level":"error","message":"Something failed during startup.","timestamp":"2020-09-30T21:02:18.816Z"}
{"meta":"ReferenceError: ex is not defined\n    at /mnt/c/Users/Ori Zilka/Git/vidly/startup/db.js:23:28\n    at tryCatcher (/mnt/c/Users/Ori Zilka/Git/vidly/node_modules/fawn/node_modules/bluebird/js/release/util.js:16:23)\n    at Promise._settlePromiseFromHandler (/mnt/c/Users/Ori Zilka/Git/vidly/node_modules/fawn/node_modules/bluebird/js/release/promise.js:512:31)\n    at Promise._settlePromise (/mnt/c/Users/Ori Zilka/Git/vidly/node_modules/fawn/node_modules/bluebird/js/release/promise.js:569:18)\n    at Promise._settlePromise0 (/mnt/c/Users/Ori Zilka/Git/vidly/node_modules/fawn/node_modules/bluebird/js/release/promise.js:614:10)\n    at Promise._settlePromises (/mnt/c/Users/Ori Zilka/Git/vidly/node_modules/fawn/node_modules/bluebird/js/release/promise.js:693:18)\n    at Promise._fulfill (/mnt/c/Users/Ori Zilka/Git/vidly/node_modules/fawn/node_modules/bluebird/js/release/promise.js:638:18)\n    at Promise._resolveCallback (/mnt/c/Users/Ori Zilka/Git/vidly/node_modules/fawn/node_modules/bluebird/js/release/promise.js:432:57)\n    at Promise._settlePromiseFromHandler (/mnt/c/Users/Ori Zilka/Git/vidly/node_modules/fawn/node_modules/bluebird/js/release/promise.js:524:17)\n    at Promise._settlePromise (/mnt/c/Users/Ori Zilka/Git/vidly/node_modules/fawn/node_modules/bluebird/js/release/promise.js:569:18)\n    at Promise._settlePromise0 (/mnt/c/Users/Ori Zilka/Git/vidly/node_modules/fawn/node_modules/bluebird/js/release/promise.js:614:10)\n    at Promise._settlePromises (/mnt/c/Users/Ori Zilka/Git/vidly/node_modules/fawn/node_modules/bluebird/js/release/promise.js:693:18)\n    at Promise._fulfill (/mnt/c/Users/Ori Zilka/Git/vidly/node_modules/fawn/node_modules/bluebird/js/release/promise.js:638:18)\n    at Promise._settlePromise (/mnt/c/Users/Ori Zilka/Git/vidly/node_modules/fawn/node_modules/bluebird/js/release/promise.js:582:21)\n    at Promise._settlePromise0 (/mnt/c/Users/Ori Zilka/Git/vidly/node_modules/fawn/node_modules/bluebird/js/release/promise.js:614:10)\n    at Promise._settlePromises (/mnt/c/Users/Ori Zilka/Git/vidly/node_modules/fawn/node_modules/bluebird/js/release/promise.js:693:18)\n    at Promise._fulfill (/mnt/c/Users/Ori Zilka/Git/vidly/node_modules/fawn/node_modules/bluebird/js/release/promise.js:638:18)\n    at Promise._resolveCallback (/mnt/c/Users/Ori Zilka/Git/vidly/node_modules/fawn/node_modules/bluebird/js/release/promise.js:432:57)\n    at Promise._settlePromiseFromHandler (/mnt/c/Users/Ori Zilka/Git/vidly/node_modules/fawn/node_modules/bluebird/js/release/promise.js:524:17)\n    at Promise._settlePromise (/mnt/c/Users/Ori Zilka/Git/vidly/node_modules/fawn/node_modules/bluebird/js/release/promise.js:569:18)\n    at Promise._settlePromise0 (/mnt/c/Users/Ori Zilka/Git/vidly/node_modules/fawn/node_modules/bluebird/js/release/promise.js:614:10)\n    at Promise._settlePromises (/mnt/c/Users/Ori Zilka/Git/vidly/node_modules/fawn/node_modules/bluebird/js/release/promise.js:693:18)","level":"error","message":"ex is not defined","timestamp":"2020-10-04T15:34:39.848Z"}
{"level":"error","timestamp":"2020-10-04T15:36:07.746Z"}
{"level":"error","timestamp":"2020-10-04T15:36:45.298Z"}
{"message":"Connected to MongoDB...","level":"info","timestamp":"2020-10-04T15:38:34.880Z"}
{"meta":"MongooseServerSelectionError: connect ECONNREFUSED 127.0.0.1:27017\n    at NativeConnection.Connection.openUri (/mnt/c/Users/Ori Zilka/Git/vidly/node_modules/mongoose/lib/connection.js:800:32)\n    at Mongoose.connect (/mnt/c/Users/Ori Zilka/Git/vidly/node_modules/mongoose/lib/index.js:339:15)\n    at module.exports (/mnt/c/Users/Ori Zilka/Git/vidly/startup/db.js:7:14)\n    at Object.<anonymous> (/mnt/c/Users/Ori Zilka/Git/vidly/index.js:11:24)\n    at Module._compile (internal/modules/cjs/loader.js:1138:30)\n    at Object.Module._extensions..js (internal/modules/cjs/loader.js:1158:10)\n    at Module.load (internal/modules/cjs/loader.js:986:32)\n    at Function.Module._load (internal/modules/cjs/loader.js:879:14)\n    at Function.executeUserEntryPoint [as runMain] (internal/modules/run_main.js:71:12)\n    at internal/main/run_main_module.js:17:47","level":"error","message":"connect ECONNREFUSED 127.0.0.1:27017","timestamp":"2020-10-04T15:39:29.113Z"}
{"meta":"MongooseServerSelectionError: connect ECONNREFUSED 127.0.0.1:27017\n    at NativeConnection.Connection.openUri (/mnt/c/Users/Ori Zilka/Git/vidly/node_modules/mongoose/lib/connection.js:800:32)\n    at Mongoose.connect (/mnt/c/Users/Ori Zilka/Git/vidly/node_modules/mongoose/lib/index.js:339:15)\n    at module.exports (/mnt/c/Users/Ori Zilka/Git/vidly/startup/db.js:7:14)\n    at Object.<anonymous> (/mnt/c/Users/Ori Zilka/Git/vidly/index.js:11:24)\n    at Module._compile (internal/modules/cjs/loader.js:1138:30)\n    at Object.Module._extensions..js (internal/modules/cjs/loader.js:1158:10)\n    at Module.load (internal/modules/cjs/loader.js:986:32)\n    at Function.Module._load (internal/modules/cjs/loader.js:879:14)\n    at Function.executeUserEntryPoint [as runMain] (internal/modules/run_main.js:71:12)\n    at internal/main/run_main_module.js:17:47","level":"error","message":"connect ECONNREFUSED 127.0.0.1:27017","timestamp":"2020-10-04T15:48:43.726Z"}
{"message":"Connected to MongoDB...","level":"info","timestamp":"2020-10-04T15:49:23.525Z"}
{"meta":"MongoServerSelectionError: connect ECONNREFUSED 127.0.0.1:27017\n    at Timeout._onTimeout (/mnt/c/Users/Ori Zilka/Git/vidly/node_modules/winston-mongodb/node_modules/mongodb/lib/core/sdam/topology.js:438:30)\n    at listOnTimeout (internal/timers.js:549:17)\n    at processTimers (internal/timers.js:492:7)","level":"error","message":"connect ECONNREFUSED 127.0.0.1:27017","timestamp":"2020-10-04T15:51:12.579Z"}
{"meta":"MongooseServerSelectionError: connect ECONNREFUSED 127.0.0.1:27017\n    at NativeConnection.Connection.openUri (/mnt/c/Users/Ori Zilka/Git/vidly/node_modules/mongoose/lib/connection.js:800:32)\n    at Mongoose.connect (/mnt/c/Users/Ori Zilka/Git/vidly/node_modules/mongoose/lib/index.js:339:15)\n    at module.exports (/mnt/c/Users/Ori Zilka/Git/vidly/startup/db.js:7:14)\n    at Object.<anonymous> (/mnt/c/Users/Ori Zilka/Git/vidly/index.js:14:24)\n    at Module._compile (internal/modules/cjs/loader.js:1138:30)\n    at Object.Module._extensions..js (internal/modules/cjs/loader.js:1158:10)\n    at Module.load (internal/modules/cjs/loader.js:986:32)\n    at Function.Module._load (internal/modules/cjs/loader.js:879:14)\n    at Function.executeUserEntryPoint [as runMain] (internal/modules/run_main.js:71:12)\n    at internal/main/run_main_module.js:17:47","level":"error","message":"connect ECONNREFUSED 127.0.0.1:27017","timestamp":"2020-10-04T15:57:35.910Z"}
{"meta":"MongooseServerSelectionError: connect ECONNREFUSED 127.0.0.1:27017\n    at NativeConnection.Connection.openUri (/mnt/c/Users/Ori Zilka/Git/vidly/node_modules/mongoose/lib/connection.js:800:32)\n    at Mongoose.connect (/mnt/c/Users/Ori Zilka/Git/vidly/node_modules/mongoose/lib/index.js:339:15)\n    at module.exports (/mnt/c/Users/Ori Zilka/Git/vidly/startup/db.js:7:14)\n    at Object.<anonymous> (/mnt/c/Users/Ori Zilka/Git/vidly/index.js:14:24)\n    at Module._compile (internal/modules/cjs/loader.js:1138:30)\n    at Object.Module._extensions..js (internal/modules/cjs/loader.js:1158:10)\n    at Module.load (internal/modules/cjs/loader.js:986:32)\n    at Function.Module._load (internal/modules/cjs/loader.js:879:14)\n    at Function.executeUserEntryPoint [as runMain] (internal/modules/run_main.js:71:12)\n    at internal/main/run_main_module.js:17:47","level":"error","message":"connect ECONNREFUSED 127.0.0.1:27017","timestamp":"2020-10-04T16:00:19.870Z"}
{"meta":"MongooseServerSelectionError: connect ECONNREFUSED 127.0.0.1:27017\n    at NativeConnection.Connection.openUri (/mnt/c/Users/Ori Zilka/Git/vidly/node_modules/mongoose/lib/connection.js:800:32)\n    at Mongoose.connect (/mnt/c/Users/Ori Zilka/Git/vidly/node_modules/mongoose/lib/index.js:339:15)\n    at module.exports (/mnt/c/Users/Ori Zilka/Git/vidly/startup/db.js:7:14)\n    at Object.<anonymous> (/mnt/c/Users/Ori Zilka/Git/vidly/index.js:11:24)\n    at Module._compile (internal/modules/cjs/loader.js:1138:30)\n    at Object.Module._extensions..js (internal/modules/cjs/loader.js:1158:10)\n    at Module.load (internal/modules/cjs/loader.js:986:32)\n    at Function.Module._load (internal/modules/cjs/loader.js:879:14)\n    at Function.executeUserEntryPoint [as runMain] (internal/modules/run_main.js:71:12)\n    at internal/main/run_main_module.js:17:47","level":"error","message":"connect ECONNREFUSED 127.0.0.1:27017","timestamp":"2020-10-04T16:02:23.972Z"}
{"meta":"MongooseServerSelectionError: connect ECONNREFUSED 127.0.0.1:27017\n    at NativeConnection.Connection.openUri (/mnt/c/Users/Ori Zilka/Git/vidly/node_modules/mongoose/lib/connection.js:800:32)\n    at Mongoose.connect (/mnt/c/Users/Ori Zilka/Git/vidly/node_modules/mongoose/lib/index.js:339:15)\n    at module.exports (/mnt/c/Users/Ori Zilka/Git/vidly/startup/db.js:8:14)\n    at Object.<anonymous> (/mnt/c/Users/Ori Zilka/Git/vidly/index.js:11:24)\n    at Module._compile (internal/modules/cjs/loader.js:1138:30)\n    at Object.Module._extensions..js (internal/modules/cjs/loader.js:1158:10)\n    at Module.load (internal/modules/cjs/loader.js:986:32)\n    at Function.Module._load (internal/modules/cjs/loader.js:879:14)\n    at Function.executeUserEntryPoint [as runMain] (internal/modules/run_main.js:71:12)\n    at internal/main/run_main_module.js:17:47","level":"error","message":"connect ECONNREFUSED 127.0.0.1:27017","timestamp":"2020-10-04T16:14:26.347Z"}
{"message":"Connected to MongoDB...","level":"info","timestamp":"2020-10-04T16:15:02.860Z"}
{"message":"Connected to MongoDB...","level":"info","timestamp":"2020-10-04T16:16:33.959Z"}
{"message":"Connected to MongoDB...","level":"info","timestamp":"2020-10-06T14:01:57.846Z"}
{"message":"Connected to MongoDB...","level":"info","timestamp":"2020-10-06T14:12:45.403Z"}
{"message":"Connected to MongoDB...","level":"info","timestamp":"2020-10-06T14:15:44.653Z"}
{"message":"Connected to MongoDB...","level":"info","timestamp":"2020-10-06T14:33:07.460Z"}
{"message":"Connected to MongoDB...","level":"info","timestamp":"2020-10-06T14:34:11.307Z"}
{"meta":"Error: something failed miserably!\n    at Object.<anonymous> (/mnt/c/Users/Ori Zilka/Git/vidly/index.js:19:26)\n    at Module._compile (internal/modules/cjs/loader.js:1138:30)\n    at Object.Module._extensions..js (internal/modules/cjs/loader.js:1158:10)\n    at Module.load (internal/modules/cjs/loader.js:986:32)\n    at Function.Module._load (internal/modules/cjs/loader.js:879:14)\n    at Function.executeUserEntryPoint [as runMain] (internal/modules/run_main.js:71:12)\n    at internal/main/run_main_module.js:17:47","level":"error","message":"something failed miserably!","timestamp":"2020-10-06T14:36:01.990Z"}
{"message":"Connected to MongoDB...","level":"info","timestamp":"2020-10-06T14:36:02.027Z"}
{"meta":"Error: Something failed during startup.\n    at Object.<anonymous> (/mnt/c/Users/Ori Zilka/Git/vidly/index.js:18:7)\n    at Module._compile (internal/modules/cjs/loader.js:1138:30)\n    at Object.Module._extensions..js (internal/modules/cjs/loader.js:1158:10)\n    at Module.load (internal/modules/cjs/loader.js:986:32)\n    at Function.Module._load (internal/modules/cjs/loader.js:879:14)\n    at Function.executeUserEntryPoint [as runMain] (internal/modules/run_main.js:71:12)\n    at internal/main/run_main_module.js:17:47","level":"error","message":"Something failed during startup.","timestamp":"2020-10-06T14:36:41.337Z"}
{"message":"Connected to MongoDB...","level":"info","timestamp":"2020-10-06T14:36:41.373Z"}
{"message":"Connected to MongoDB...","level":"info","timestamp":"2020-10-06T14:37:34.681Z"}
{"meta":"MongooseServerSelectionError: connect ECONNREFUSED 127.0.0.1:27017\n    at NativeConnection.Connection.openUri (/mnt/c/Users/Ori Zilka/Git/vidly/node_modules/mongoose/lib/connection.js:800:32)\n    at Mongoose.connect (/mnt/c/Users/Ori Zilka/Git/vidly/node_modules/mongoose/lib/index.js:339:15)\n    at module.exports (/mnt/c/Users/Ori Zilka/Git/vidly/startup/db.js:8:14)\n    at Object.<anonymous> (/mnt/c/Users/Ori Zilka/Git/vidly/index.js:11:24)\n    at Module._compile (internal/modules/cjs/loader.js:1138:30)\n    at Object.Module._extensions..js (internal/modules/cjs/loader.js:1158:10)\n    at Module.load (internal/modules/cjs/loader.js:986:32)\n    at Function.Module._load (internal/modules/cjs/loader.js:879:14)\n    at Function.executeUserEntryPoint [as runMain] (internal/modules/run_main.js:71:12)\n    at internal/main/run_main_module.js:17:47","level":"error","message":"connect ECONNREFUSED 127.0.0.1:27017","timestamp":"2020-10-06T14:53:06.406Z"}
{"meta":"Error: Something failed during startup.\n    at Object.<anonymous> (/mnt/c/Users/Ori Zilka/Git/vidly/index.js:18:7)\n    at Module._compile (internal/modules/cjs/loader.js:1138:30)\n    at Object.Module._extensions..js (internal/modules/cjs/loader.js:1158:10)\n    at Module.load (internal/modules/cjs/loader.js:986:32)\n    at Function.Module._load (internal/modules/cjs/loader.js:879:14)\n    at Function.executeUserEntryPoint [as runMain] (internal/modules/run_main.js:71:12)\n    at internal/main/run_main_module.js:17:47","level":"error","message":"Something failed during startup.","timestamp":"2020-10-06T14:53:53.964Z"}
{"message":"Connected to MongoDB...","level":"info","timestamp":"2020-10-06T14:53:53.998Z"}
{"message":"Connected to MongoDB...","level":"info","timestamp":"2020-10-06T14:55:41.289Z"}
{"message":"Listening on port 3000...","level":"info","timestamp":"2020-10-06T15:10:11.139Z"}
{"message":"Connected to MongoDB...","level":"info","timestamp":"2020-10-06T15:10:11.169Z"}
{"message":"Listening on port 3000...","level":"info","timestamp":"2020-10-06T15:18:21.342Z"}
{"message":"Connected to MongoDB...","level":"info","timestamp":"2020-10-06T15:18:21.375Z"}
{"message":"Listening on port 3000...","level":"info","timestamp":"2020-10-06T15:19:02.119Z"}
{"message":"Connected to MongoDB...","level":"info","timestamp":"2020-10-06T15:19:02.150Z"}
{"meta":"Error: Something failed during startup.\n    at Object.<anonymous> (/mnt/c/Users/Ori Zilka/Git/vidly/index.js:11:7)\n    at Module._compile (internal/modules/cjs/loader.js:1138:30)\n    at Object.Module._extensions..js (internal/modules/cjs/loader.js:1158:10)\n    at Module.load (internal/modules/cjs/loader.js:986:32)\n    at Function.Module._load (internal/modules/cjs/loader.js:879:14)\n    at Function.executeUserEntryPoint [as runMain] (internal/modules/run_main.js:71:12)\n    at internal/main/run_main_module.js:17:47","level":"error","message":"Something failed during startup.","timestamp":"2020-10-06T15:19:19.243Z"}
{"message":"Connected to MongoDB...","level":"info","timestamp":"2020-10-06T15:19:19.274Z"}
{"message":"Listening on port 3000...","level":"info","timestamp":"2020-10-06T15:21:03.384Z"}
{"message":"Connected to MongoDB...","level":"info","timestamp":"2020-10-06T15:21:03.426Z"}
{"message":"Listening on port 3000...","level":"info"}
{"message":"Connected to MongoDB...","level":"info"}
{"meta":"Error: Something failed during startup.\n    at Object.<anonymous> (/mnt/c/Users/Ori Zilka/Git/vidly/index.js:11:7)\n    at Module._compile (internal/modules/cjs/loader.js:1138:30)\n    at Object.Module._extensions..js (internal/modules/cjs/loader.js:1158:10)\n    at Module.load (internal/modules/cjs/loader.js:986:32)\n    at Function.Module._load (internal/modules/cjs/loader.js:879:14)\n    at Function.executeUserEntryPoint [as runMain] (internal/modules/run_main.js:71:12)\n    at internal/main/run_main_module.js:17:47","level":"error","message":"Something failed during startup."}
{"message":"Connected to MongoDB...","level":"info"}
{"meta":"Error: Something failed during startup.\n    at Object.<anonymous> (/mnt/c/Users/Ori Zilka/Git/vidly/index.js:11:7)\n    at Module._compile (internal/modules/cjs/loader.js:1138:30)\n    at Object.Module._extensions..js (internal/modules/cjs/loader.js:1158:10)\n    at Module.load (internal/modules/cjs/loader.js:986:32)\n    at Function.Module._load (internal/modules/cjs/loader.js:879:14)\n    at Function.executeUserEntryPoint [as runMain] (internal/modules/run_main.js:71:12)\n    at internal/main/run_main_module.js:17:47","level":"error","message":"Something failed during startup.","timestamp":"2020-10-06T15:25:00.623Z"}
{"message":"Connected to MongoDB...","level":"info","timestamp":"2020-10-06T15:25:00.661Z"}
{"meta":"Error: Something failed during startup.\n    at Object.<anonymous> (/mnt/c/Users/Ori Zilka/Git/vidly/index.js:11:7)\n    at Module._compile (internal/modules/cjs/loader.js:1138:30)\n    at Object.Module._extensions..js (internal/modules/cjs/loader.js:1158:10)\n    at Module.load (internal/modules/cjs/loader.js:986:32)\n    at Function.Module._load (internal/modules/cjs/loader.js:879:14)\n    at Function.executeUserEntryPoint [as runMain] (internal/modules/run_main.js:71:12)\n    at internal/main/run_main_module.js:17:47","level":"error","message":"Something failed during startup.","timestamp":"2020-10-06T15:29:19.714Z"}
{"message":"Connected to MongoDB...","level":"info","timestamp":"2020-10-06T15:29:19.770Z"}
{"meta":"Error: Something failed during startup.\n    at Object.<anonymous> (/mnt/c/Users/Ori Zilka/Git/vidly/index.js:11:7)\n    at Module._compile (internal/modules/cjs/loader.js:1138:30)\n    at Object.Module._extensions..js (internal/modules/cjs/loader.js:1158:10)\n    at Module.load (internal/modules/cjs/loader.js:986:32)\n    at Function.Module._load (internal/modules/cjs/loader.js:879:14)\n    at Function.executeUserEntryPoint [as runMain] (internal/modules/run_main.js:71:12)\n    at internal/main/run_main_module.js:17:47","level":"error","message":"Something failed during startup.","timestamp":"2020-10-06T15:31:36.035Z"}
{"message":"Connected to MongoDB...","level":"info","timestamp":"2020-10-06T15:31:36.069Z"}
{"meta":"Error: Something failed during startup.\n    at Object.<anonymous> (/mnt/c/Users/Ori Zilka/Git/vidly/index.js:11:7)\n    at Module._compile (internal/modules/cjs/loader.js:1138:30)\n    at Object.Module._extensions..js (internal/modules/cjs/loader.js:1158:10)\n    at Module.load (internal/modules/cjs/loader.js:986:32)\n    at Function.Module._load (internal/modules/cjs/loader.js:879:14)\n    at Function.executeUserEntryPoint [as runMain] (internal/modules/run_main.js:71:12)\n    at internal/main/run_main_module.js:17:47","level":"error","message":"Something failed during startup.","timestamp":"2020-10-06T15:32:28.741Z"}
{"message":"Connected to MongoDB...","level":"info","timestamp":"2020-10-06T15:32:28.788Z"}
{"meta":"Error: Something failed during startup.\n    at Object.<anonymous> (/mnt/c/Users/Ori Zilka/Git/vidly/index.js:11:7)\n    at Module._compile (internal/modules/cjs/loader.js:1138:30)\n    at Object.Module._extensions..js (internal/modules/cjs/loader.js:1158:10)\n    at Module.load (internal/modules/cjs/loader.js:986:32)\n    at Function.Module._load (internal/modules/cjs/loader.js:879:14)\n    at Function.executeUserEntryPoint [as runMain] (internal/modules/run_main.js:71:12)\n    at internal/main/run_main_module.js:17:47","level":"error","message":"Something failed during startup.","timestamp":"2020-10-06T15:32:41.334Z"}
{"message":"Connected to MongoDB...","level":"info","timestamp":"2020-10-06T15:32:41.366Z"}
{"message":"Listening on port 3000...","level":"info","timestamp":"2020-10-06T15:32:54.268Z"}
{"message":"Connected to MongoDB...","level":"info","timestamp":"2020-10-06T15:32:54.300Z"}
{"message":"Listening on port 3000...","level":"info","timestamp":"2020-10-06T15:33:23.471Z"}
{"message":"Connected to MongoDB...","level":"info","timestamp":"2020-10-06T15:33:23.504Z"}
{"message":"Listening on port 3000...","level":"info","timestamp":"2020-10-06T15:33:33.935Z"}
{"message":"Connected to MongoDB...","level":"info","timestamp":"2020-10-06T15:33:33.967Z"}
{"message":"Listening on port 3000...","level":"info","timestamp":"2020-10-06T15:33:41.060Z"}
{"message":"Connected to MongoDB...","level":"info","timestamp":"2020-10-06T15:33:41.105Z"}
{"message":"Listening on port 3000...","level":"info","timestamp":"2020-10-06T15:34:19.869Z"}
{"message":"Connected to MongoDB...","level":"info","timestamp":"2020-10-06T15:34:19.909Z"}
{
  message: 'Listening on port 3000...',
  level: '\u001b[32minfo\u001b[39m',
  timestamp: '2020-10-06T15:35:35.634Z'
}
{
  message: 'Connected to MongoDB...',
  level: '\u001b[32minfo\u001b[39m',
  timestamp: '2020-10-06T15:35:35.670Z'
}
{
  message: 'Listening on port 3000...',
  level: '\u001b[32minfo\u001b[39m',
  timestamp: '2020-10-06T15:35:57.284Z'
}
{
  message: 'Connected to MongoDB...',
  level: '\u001b[32minfo\u001b[39m',
  timestamp: '2020-10-06T15:35:57.316Z'
}
{
  meta: 'Error: Something failed during startup.\n' +
    '    at Object.<anonymous> (/mnt/c/Users/Ori Zilka/Git/vidly/index.js:11:7)\n' +
    '    at Module._compile (internal/modules/cjs/loader.js:1138:30)\n' +
    '    at Object.Module._extensions..js (internal/modules/cjs/loader.js:1158:10)\n' +
    '    at Module.load (internal/modules/cjs/loader.js:986:32)\n' +
    '    at Function.Module._load (internal/modules/cjs/loader.js:879:14)\n' +
    '    at Function.executeUserEntryPoint [as runMain] (internal/modules/run_main.js:71:12)\n' +
    '    at internal/main/run_main_module.js:17:47',
  level: '\u001b[31merror\u001b[39m',
  message: 'Something failed during startup.',
  timestamp: '2020-10-06T15:37:11.747Z'
}
{
  message: 'Connected to MongoDB...',
  level: '\u001b[32minfo\u001b[39m',
  timestamp: '2020-10-06T15:37:11.785Z'
}
{
  message: 'Listening on port 3000...',
  level: '\u001b[32minfo\u001b[39m',
  timestamp: '2020-10-06T15:37:28.326Z'
}
{
  message: 'Connected to MongoDB...',
  level: '\u001b[32minfo\u001b[39m',
  timestamp: '2020-10-06T15:37:28.363Z'
}
{
  message: 'Listening on port 3000...',
  level: '\u001b[32minfo\u001b[39m',
  timestamp: '2020-10-06T15:38:02.355Z'
}
{
  message: 'Connected to MongoDB...',
  level: '\u001b[32minfo\u001b[39m',
  timestamp: '2020-10-06T15:38:02.387Z'
}
{
  message: 'Listening on port 3000...',
  level: '\u001b[32minfo\u001b[39m',
  timestamp: '2020-10-06T16:07:29.003Z'
}
{"message":"Connected to MongoDB...","level":"info"}
{
  message: 'Listening on port 3000...',
  level: '\u001b[32minfo\u001b[39m',
  timestamp: '2020-10-06T16:09:45.232Z'
}
{
  message: 'Connected to MongoDB...',
  level: '\u001b[32minfo\u001b[39m',
  timestamp: '2020-10-06T16:09:45.280Z'
}
{
  message: 'Listening on port 3000...',
  level: 'info',
  timestamp: '2020-10-06T16:10:53.448Z'
}
{
  message: 'Connected to MongoDB...',
  level: 'info',
  timestamp: '2020-10-06T16:10:53.482Z'
}
{
  message: 'Listening on port 3000...',
  level: 'info',
  timestamp: '2020-10-06T16:11:41.201Z'
}
{
  message: 'Connected to MongoDB...',
  level: 'info',
  timestamp: '2020-10-06T16:11:41.249Z'
}
